[0m[1maws_vpc.myvpn: Creating...[0m[0m
[0m[1maws_vpc.main: Creating...[0m[0m
[0m[1maws_instance.instance2: Creating...[0m[0m
[0m[1maws_instance.instance1: Creating...[0m[0m
[0m[1maws_vpc.main: Creation complete after 1s [id=vpc-04dbd1dcc13d9b6ed][0m
[0m[1maws_subnet.private_subnets[1]: Creating...[0m[0m
[0m[1maws_subnet.private_subnets[2]: Creating...[0m[0m
[0m[1maws_subnet.private_subnets[0]: Creating...[0m[0m
[0m[1maws_subnet.private_subnets[0]: Creation complete after 1s [id=subnet-0a1e4c9a0e8a16262][0m
[0m[1maws_subnet.private_subnets[2]: Creation complete after 1s [id=subnet-08377c10b09b07946][0m
[0m[1maws_subnet.private_subnets[1]: Creation complete after 1s [id=subnet-01200b3c2b8f5a5e4][0m
[0m[1maws_vpc.myvpn: Still creating... [10s elapsed][0m[0m
[0m[1maws_vpc.myvpn: Creation complete after 12s [id=vpc-04b0a21b73e153850][0m
[0m[1maws_vpc.main: Creating...[0m[0m
[0m[1maws_instance.instance1: Creating...[0m[0m
[0m[1maws_instance.instance2: Creating...[0m[0m
[0m[1maws_vpc.main: Creation complete after 1s [id=vpc-0f33ab828edc7323b][0m
[0m[1maws_subnet.private_subnets[1]: Creating...[0m[0m
[0m[1maws_subnet.private_subnets[0]: Creating...[0m[0m
[0m[1maws_subnet.private_subnets[2]: Creating...[0m[0m
[0m[1maws_subnet.private_subnets[1]: Creation complete after 1s [id=subnet-0bed50def053e157d][0m
[0m[1maws_subnet.private_subnets[0]: Creation complete after 1s [id=subnet-081335a995efeb48b][0m
[0m[1maws_subnet.private_subnets[2]: Creation complete after 1s [id=subnet-0644fe2d0199f5b48][0m
